[2024-05-15 06:17:37] [INFO ] [CategoriaServiceImpl:36] Listando todas las categorías.
[2024-05-15 06:17:37] [INFO ] [ProductoServiceImpl:49] Listando todos los productos.
[2024-05-15 06:24:11] [INFO ] [CategoriaServiceImpl:27] Categoría guardado con éxito.
[2024-05-15 06:25:17] [INFO ] [CategoriaServiceImpl:27] Categoría guardado con éxito.
[2024-05-15 06:26:03] [ERROR] [CategoriaServiceImpl:29] org.springframework.dao.DataIntegrityViolationException: could not execute statement [Data truncation: Data too long for column 'descripcion' at row 1] [insert into categoria (descripcion,nombre,precio) values (?,?,?)]; SQL [insert into categoria (descripcion,nombre,precio) values (?,?,?)]
[2024-05-15 06:26:42] [ERROR] [CategoriaServiceImpl:29] org.springframework.dao.DataIntegrityViolationException: could not execute statement [Data truncation: Data too long for column 'descripcion' at row 1] [insert into categoria (descripcion,nombre,precio) values (?,?,?)]; SQL [insert into categoria (descripcion,nombre,precio) values (?,?,?)]
[2024-05-15 06:26:44] [INFO ] [CategoriaServiceImpl:36] Listando todas las categorías.
[2024-05-15 06:26:51] [INFO ] [ProductoServiceImpl:49] Listando todos los productos.
[2024-05-15 06:26:52] [INFO ] [CategoriaServiceImpl:36] Listando todas las categorías.
[2024-05-15 06:27:23] [ERROR] [CategoriaServiceImpl:29] org.springframework.dao.DataIntegrityViolationException: could not execute statement [Data truncation: Data too long for column 'descripcion' at row 1] [insert into categoria (descripcion,nombre,precio) values (?,?,?)]; SQL [insert into categoria (descripcion,nombre,precio) values (?,?,?)]
[2024-05-15 06:27:28] [INFO ] [CategoriaServiceImpl:36] Listando todas las categorías.
[2024-05-15 06:27:52] [INFO ] [ProductoServiceImpl:40] Producto guardado con exito.
[2024-05-15 06:28:17] [INFO ] [ProductoServiceImpl:40] Producto guardado con exito.
[2024-05-15 06:28:26] [INFO ] [CategoriaServiceImpl:36] Listando todas las categorías.
[2024-05-15 06:28:26] [INFO ] [ProductoServiceImpl:49] Listando todos los productos.
[2024-05-15 06:30:47] [INFO ] [ProductoServiceImpl:49] Listando todos los productos.
[2024-05-15 06:30:53] [INFO ] [CategoriaServiceImpl:36] Listando todas las categorías.
[2024-05-15 06:31:16] [ERROR] [CategoriaServiceImpl:29] org.springframework.dao.DataIntegrityViolationException: could not execute statement [Data truncation: Data too long for column 'descripcion' at row 1] [insert into categoria (descripcion,nombre,precio) values (?,?,?)]; SQL [insert into categoria (descripcion,nombre,precio) values (?,?,?)]
[2024-05-15 06:31:34] [ERROR] [CategoriaServiceImpl:29] org.springframework.dao.DataIntegrityViolationException: could not execute statement [Data truncation: Data too long for column 'descripcion' at row 1] [insert into categoria (descripcion,nombre,precio) values (?,?,?)]; SQL [insert into categoria (descripcion,nombre,precio) values (?,?,?)]
[2024-05-15 06:31:42] [INFO ] [CategoriaServiceImpl:36] Listando todas las categorías.
[2024-05-15 06:31:42] [INFO ] [ProductoServiceImpl:49] Listando todos los productos.
[2024-05-15 06:31:46] [INFO ] [CategoriaServiceImpl:36] Listando todas las categorías.
[2024-05-15 06:32:14] [INFO ] [ProductoServiceImpl:40] Producto guardado con exito.
[2024-05-15 06:32:18] [INFO ] [ProductoServiceImpl:49] Listando todos los productos.
[2024-05-15 06:32:18] [INFO ] [CategoriaServiceImpl:36] Listando todas las categorías.
[2024-05-15 06:32:54] [INFO ] [ProductoServiceImpl:40] Producto guardado con exito.
[2024-05-15 06:33:00] [INFO ] [ProductoServiceImpl:49] Listando todos los productos.
[2024-05-15 06:33:00] [INFO ] [CategoriaServiceImpl:36] Listando todas las categorías.
[2024-05-15 06:35:25] [INFO ] [CategoriaServiceImpl:36] Listando todas las categorías.
[2024-05-15 06:35:25] [INFO ] [ProductoServiceImpl:49] Listando todos los productos.
[2024-05-15 06:37:04] [INFO ] [CategoriaServiceImpl:36] Listando todas las categorías.
[2024-05-15 06:37:04] [INFO ] [ProductoServiceImpl:49] Listando todos los productos.
[2024-05-15 06:38:31] [INFO ] [CategoriaServiceImpl:36] Listando todas las categorías.
[2024-05-15 06:38:31] [INFO ] [ProductoServiceImpl:49] Listando todos los productos.
[2024-05-15 06:38:48] [INFO ] [CategoriaServiceImpl:36] Listando todas las categorías.
[2024-05-15 06:38:48] [INFO ] [ProductoServiceImpl:49] Listando todos los productos.
[2024-05-15 06:40:47] [INFO ] [CategoriaServiceImpl:36] Listando todas las categorías.
[2024-05-15 06:40:47] [INFO ] [ProductoServiceImpl:49] Listando todos los productos.
[2024-05-15 06:41:19] [INFO ] [CategoriaServiceImpl:36] Listando todas las categorías.
[2024-05-15 06:41:19] [INFO ] [ProductoServiceImpl:49] Listando todos los productos.
[2024-05-15 06:42:34] [INFO ] [CategoriaServiceImpl:36] Listando todas las categorías.
[2024-05-15 06:42:34] [INFO ] [ProductoServiceImpl:49] Listando todos los productos.
[2024-05-15 06:43:26] [INFO ] [CategoriaServiceImpl:36] Listando todas las categorías.
[2024-05-15 06:43:26] [INFO ] [ProductoServiceImpl:49] Listando todos los productos.
[2024-05-15 06:45:14] [INFO ] [CategoriaServiceImpl:36] Listando todas las categorías.
[2024-05-15 06:45:14] [INFO ] [ProductoServiceImpl:49] Listando todos los productos.
[2024-05-15 06:47:56] [INFO ] [CategoriaServiceImpl:36] Listando todas las categorías.
[2024-05-15 06:48:14] [INFO ] [ProductoServiceImpl:40] Producto guardado con exito.
[2024-05-15 06:48:42] [INFO ] [ProductoServiceImpl:40] Producto guardado con exito.
[2024-05-15 06:48:52] [INFO ] [CategoriaServiceImpl:36] Listando todas las categorías.
[2024-05-15 06:48:52] [INFO ] [ProductoServiceImpl:49] Listando todos los productos.
[2024-05-15 06:50:10] [INFO ] [ProductoServiceImpl:40] Producto guardado con exito.
[2024-05-15 06:51:03] [INFO ] [ProductoServiceImpl:40] Producto guardado con exito.
[2024-05-15 06:51:06] [INFO ] [CategoriaServiceImpl:36] Listando todas las categorías.
[2024-05-15 06:51:06] [INFO ] [ProductoServiceImpl:49] Listando todos los productos.
[2024-05-15 06:51:18] [INFO ] [ProductoServiceImpl:49] Listando todos los productos.
[2024-05-15 06:51:18] [INFO ] [CategoriaServiceImpl:36] Listando todas las categorías.
[2024-05-15 06:51:22] [INFO ] [CategoriaServiceImpl:36] Listando todas las categorías.
[2024-05-15 06:51:22] [INFO ] [ProductoServiceImpl:49] Listando todos los productos.
[2024-05-15 06:51:41] [INFO ] [ProductoServiceImpl:49] Listando todos los productos.
[2024-05-15 06:51:45] [INFO ] [ProductoServiceImpl:67] Eliminando producto: 6
[2024-05-15 06:51:45] [INFO ] [ProductoServiceImpl:56] Buscando Producto con el ID: 6
[2024-05-15 06:51:45] [INFO ] [ProductoServiceImpl:61] Producto encontrado.
[2024-05-15 06:51:45] [INFO ] [ProductoServiceImpl:76] Producto eliminado con éxito: 6
[2024-05-15 06:51:47] [INFO ] [CategoriaServiceImpl:36] Listando todas las categorías.
[2024-05-15 06:52:05] [INFO ] [ProductoServiceImpl:40] Producto guardado con exito.
[2024-05-15 06:52:07] [INFO ] [CategoriaServiceImpl:36] Listando todas las categorías.
[2024-05-15 06:52:07] [INFO ] [ProductoServiceImpl:49] Listando todos los productos.
[2024-05-15 06:53:36] [INFO ] [CategoriaServiceImpl:36] Listando todas las categorías.
[2024-05-15 06:53:36] [INFO ] [ProductoServiceImpl:49] Listando todos los productos.
[2024-05-15 06:54:06] [INFO ] [CategoriaServiceImpl:36] Listando todas las categorías.
[2024-05-15 06:54:06] [INFO ] [ProductoServiceImpl:49] Listando todos los productos.
[2024-05-15 06:57:25] [INFO ] [CategoriaServiceImpl:36] Listando todas las categorías.
[2024-05-15 06:57:25] [INFO ] [ProductoServiceImpl:49] Listando todos los productos.
[2024-05-15 06:58:21] [INFO ] [CategoriaServiceImpl:36] Listando todas las categorías.
[2024-05-15 06:58:21] [INFO ] [ProductoServiceImpl:49] Listando todos los productos.
[2024-05-15 06:58:42] [INFO ] [CategoriaServiceImpl:36] Listando todas las categorías.
[2024-05-15 06:58:42] [INFO ] [ProductoServiceImpl:49] Listando todos los productos.
[2024-05-15 06:59:37] [INFO ] [CategoriaServiceImpl:36] Listando todas las categorías.
[2024-05-15 06:59:37] [INFO ] [ProductoServiceImpl:49] Listando todos los productos.
[2024-05-15 07:00:07] [INFO ] [CategoriaServiceImpl:36] Listando todas las categorías.
[2024-05-15 07:00:07] [INFO ] [ProductoServiceImpl:49] Listando todos los productos.
[2024-05-15 07:02:37] [INFO ] [CategoriaServiceImpl:36] Listando todas las categorías.
[2024-05-15 07:02:37] [INFO ] [ProductoServiceImpl:49] Listando todos los productos.
[2024-05-15 07:06:36] [INFO ] [CategoriaServiceImpl:36] Listando todas las categorías.
[2024-05-15 07:06:36] [INFO ] [ProductoServiceImpl:49] Listando todos los productos.
[2024-05-15 07:08:38] [INFO ] [CategoriaServiceImpl:36] Listando todas las categorías.
[2024-05-15 07:08:38] [INFO ] [ProductoServiceImpl:49] Listando todos los productos.
[2024-05-15 07:09:49] [INFO ] [ProductoServiceImpl:49] Listando todos los productos.
[2024-05-15 07:09:49] [INFO ] [CategoriaServiceImpl:36] Listando todas las categorías.
[2024-05-15 07:10:32] [INFO ] [CategoriaServiceImpl:36] Listando todas las categorías.
[2024-05-15 07:10:32] [INFO ] [ProductoServiceImpl:49] Listando todos los productos.
[2024-05-15 07:11:59] [INFO ] [CategoriaServiceImpl:36] Listando todas las categorías.
[2024-05-15 07:11:59] [INFO ] [ProductoServiceImpl:49] Listando todos los productos.
[2024-05-15 07:13:10] [INFO ] [CategoriaServiceImpl:36] Listando todas las categorías.
[2024-05-15 07:13:10] [INFO ] [ProductoServiceImpl:49] Listando todos los productos.
[2024-05-15 07:16:24] [INFO ] [CategoriaServiceImpl:36] Listando todas las categorías.
[2024-05-15 07:16:24] [INFO ] [ProductoServiceImpl:49] Listando todos los productos.
[2024-05-15 07:16:50] [INFO ] [CategoriaServiceImpl:36] Listando todas las categorías.
[2024-05-15 07:16:50] [INFO ] [ProductoServiceImpl:49] Listando todos los productos.
[2024-05-15 07:17:45] [INFO ] [ProductoServiceImpl:49] Listando todos los productos.
[2024-05-15 07:17:45] [INFO ] [CategoriaServiceImpl:36] Listando todas las categorías.
[2024-05-15 07:18:58] [INFO ] [CategoriaServiceImpl:36] Listando todas las categorías.
[2024-05-15 07:18:58] [INFO ] [ProductoServiceImpl:49] Listando todos los productos.
[2024-05-15 07:19:44] [INFO ] [CategoriaServiceImpl:36] Listando todas las categorías.
[2024-05-15 07:19:44] [INFO ] [ProductoServiceImpl:49] Listando todos los productos.
[2024-05-15 07:20:45] [INFO ] [CategoriaServiceImpl:36] Listando todas las categorías.
[2024-05-15 07:20:45] [INFO ] [ProductoServiceImpl:49] Listando todos los productos.
[2024-05-15 07:22:53] [INFO ] [CategoriaServiceImpl:36] Listando todas las categorías.
[2024-05-15 07:22:53] [INFO ] [ProductoServiceImpl:49] Listando todos los productos.
[2024-05-15 07:23:37] [INFO ] [CategoriaServiceImpl:36] Listando todas las categorías.
[2024-05-15 07:23:37] [INFO ] [ProductoServiceImpl:49] Listando todos los productos.
[2024-05-15 07:25:37] [INFO ] [ProductoServiceImpl:49] Listando todos los productos.
[2024-05-15 07:25:38] [INFO ] [CategoriaServiceImpl:36] Listando todas las categorías.
[2024-05-15 07:27:39] [INFO ] [CategoriaServiceImpl:36] Listando todas las categorías.
[2024-05-15 07:27:39] [INFO ] [ProductoServiceImpl:49] Listando todos los productos.
[2024-05-15 07:34:18] [INFO ] [CategoriaServiceImpl:36] Listando todas las categorías.
[2024-05-15 07:34:18] [INFO ] [ProductoServiceImpl:49] Listando todos los productos.
[2024-05-15 07:35:15] [INFO ] [CategoriaServiceImpl:36] Listando todas las categorías.
[2024-05-15 07:35:15] [INFO ] [ProductoServiceImpl:49] Listando todos los productos.
[2024-05-15 07:39:20] [INFO ] [CategoriaServiceImpl:36] Listando todas las categorías.
[2024-05-15 07:39:20] [INFO ] [ProductoServiceImpl:49] Listando todos los productos.
[2024-05-15 07:39:52] [INFO ] [CategoriaServiceImpl:36] Listando todas las categorías.
[2024-05-15 07:39:52] [INFO ] [ProductoServiceImpl:49] Listando todos los productos.
[2024-05-15 07:41:54] [INFO ] [CategoriaServiceImpl:36] Listando todas las categorías.
[2024-05-15 07:41:54] [INFO ] [ProductoServiceImpl:49] Listando todos los productos.
[2024-05-15 07:43:04] [INFO ] [CategoriaServiceImpl:36] Listando todas las categorías.
[2024-05-15 07:43:04] [INFO ] [ProductoServiceImpl:49] Listando todos los productos.
[2024-05-15 07:44:41] [INFO ] [CategoriaServiceImpl:36] Listando todas las categorías.
[2024-05-15 07:44:41] [INFO ] [ProductoServiceImpl:49] Listando todos los productos.
[2024-05-15 07:45:55] [INFO ] [CategoriaServiceImpl:36] Listando todas las categorías.
[2024-05-15 07:45:55] [INFO ] [ProductoServiceImpl:49] Listando todos los productos.
[2024-05-15 07:46:40] [INFO ] [CategoriaServiceImpl:36] Listando todas las categorías.
[2024-05-15 07:46:40] [INFO ] [ProductoServiceImpl:49] Listando todos los productos.
[2024-05-15 07:47:40] [INFO ] [ProductoServiceImpl:49] Listando todos los productos.
[2024-05-15 07:47:40] [INFO ] [CategoriaServiceImpl:36] Listando todas las categorías.
[2024-05-15 07:58:22] [INFO ] [CategoriaServiceImpl:36] Listando todas las categorías.
[2024-05-15 07:58:22] [INFO ] [ProductoServiceImpl:49] Listando todos los productos.
[2024-05-15 07:59:11] [INFO ] [CategoriaServiceImpl:36] Listando todas las categorías.
[2024-05-15 07:59:11] [INFO ] [ProductoServiceImpl:49] Listando todos los productos.
[2024-05-15 08:01:35] [INFO ] [CategoriaServiceImpl:36] Listando todas las categorías.
[2024-05-15 08:01:35] [INFO ] [ProductoServiceImpl:49] Listando todos los productos.
[2024-05-15 08:11:45] [INFO ] [CategoriaServiceImpl:36] Listando todas las categorías.
[2024-05-15 08:13:13] [INFO ] [CategoriaServiceImpl:36] Listando todas las categorías.
[2024-05-15 08:13:13] [INFO ] [ProductoServiceImpl:49] Listando todos los productos.
[2024-05-15 08:13:52] [INFO ] [CategoriaServiceImpl:36] Listando todas las categorías.
[2024-05-15 08:13:52] [INFO ] [ProductoServiceImpl:49] Listando todos los productos.
[2024-05-15 08:16:01] [INFO ] [CategoriaServiceImpl:36] Listando todas las categorías.
[2024-05-15 08:16:01] [INFO ] [ProductoServiceImpl:49] Listando todos los productos.
[2024-05-15 08:16:27] [INFO ] [CategoriaServiceImpl:36] Listando todas las categorías.
[2024-05-15 08:16:27] [INFO ] [ProductoServiceImpl:49] Listando todos los productos.
[2024-05-15 08:17:58] [INFO ] [CategoriaServiceImpl:36] Listando todas las categorías.
[2024-05-15 08:17:58] [INFO ] [ProductoServiceImpl:49] Listando todos los productos.
[2024-05-15 08:18:45] [INFO ] [CategoriaServiceImpl:36] Listando todas las categorías.
[2024-05-15 08:18:45] [INFO ] [ProductoServiceImpl:49] Listando todos los productos.
[2024-05-15 08:20:39] [INFO ] [CategoriaServiceImpl:36] Listando todas las categorías.
[2024-05-15 08:20:39] [INFO ] [ProductoServiceImpl:49] Listando todos los productos.
[2024-05-15 08:21:00] [INFO ] [CategoriaServiceImpl:36] Listando todas las categorías.
[2024-05-15 08:21:00] [INFO ] [ProductoServiceImpl:49] Listando todos los productos.
[2024-05-15 08:22:29] [INFO ] [CategoriaServiceImpl:36] Listando todas las categorías.
[2024-05-15 08:22:29] [INFO ] [ProductoServiceImpl:49] Listando todos los productos.
[2024-05-15 08:22:40] [INFO ] [CategoriaServiceImpl:36] Listando todas las categorías.
[2024-05-15 08:22:40] [INFO ] [ProductoServiceImpl:49] Listando todos los productos.
[2024-05-15 08:23:08] [INFO ] [ProductoServiceImpl:49] Listando todos los productos.
[2024-05-15 08:23:08] [INFO ] [CategoriaServiceImpl:36] Listando todas las categorías.
[2024-05-15 08:23:38] [INFO ] [ProductoServiceImpl:49] Listando todos los productos.
[2024-05-15 08:23:38] [INFO ] [CategoriaServiceImpl:36] Listando todas las categorías.
[2024-05-15 08:23:41] [INFO ] [CategoriaServiceImpl:36] Listando todas las categorías.
[2024-05-15 08:23:42] [INFO ] [ProductoServiceImpl:49] Listando todos los productos.
[2024-05-15 08:24:07] [INFO ] [CategoriaServiceImpl:36] Listando todas las categorías.
[2024-05-15 08:24:07] [INFO ] [ProductoServiceImpl:49] Listando todos los productos.
